2020-07-01 16:46:15,318 INFO [main] c.n.c.c.Logtest [StartupInfoLogger.java:50] Starting Logtest on DESKTOP-U6N1D0F with PID 7648 (started by ZGL in D:\3JAVAproject\community)
2020-07-01 16:46:15,326 INFO [main] c.n.c.c.Logtest [SpringApplication.java:648] No active profile set, falling back to default profiles: default
2020-07-01 16:46:18,719 INFO [main] o.s.s.c.ThreadPoolTaskExecutor [ExecutorConfigurationSupport.java:171] Initializing ExecutorService 'applicationTaskExecutor'
2020-07-01 16:46:18,947 INFO [main] o.s.b.a.w.s.WelcomePageHandlerMapping [WelcomePageHandlerMapping.java:58] Adding welcome page template: index
2020-07-01 16:46:19,791 INFO [main] c.n.c.c.Logtest [StartupInfoLogger.java:59] Started Logtest in 5.551 seconds (JVM running for 6.929)
2020-07-01 16:46:20,633 INFO [main] c.n.c.c.Logtest [Logtest.java:25] info log
2020-07-01 16:46:20,652 INFO [Thread-2] o.s.s.c.ThreadPoolTaskExecutor [ExecutorConfigurationSupport.java:208] Shutting down ExecutorService 'applicationTaskExecutor'
2020-07-01 16:48:44,879 INFO [restartedMain] c.n.c.c.CommunityApplication [StartupInfoLogger.java:50] Starting CommunityApplication on DESKTOP-U6N1D0F with PID 6376 (D:\3JAVAproject\community\target\classes started by ZGL in D:\3JAVAproject\community)
2020-07-01 16:48:44,889 INFO [restartedMain] c.n.c.c.CommunityApplication [SpringApplication.java:648] No active profile set, falling back to default profiles: default
2020-07-01 16:48:44,991 INFO [restartedMain] o.s.b.d.e.DevToolsPropertyDefaultsPostProcessor [DeferredLog.java:225] Devtools property defaults active! Set 'spring.devtools.add-properties' to 'false' to disable
2020-07-01 16:48:44,992 INFO [restartedMain] o.s.b.d.e.DevToolsPropertyDefaultsPostProcessor [DeferredLog.java:225] For additional web related logging consider setting the 'logging.level.web' property to 'DEBUG'
2020-07-01 16:48:47,513 INFO [restartedMain] o.s.b.w.e.t.TomcatWebServer [TomcatWebServer.java:90] Tomcat initialized with port(s): 8080 (http)
2020-07-01 16:48:47,573 INFO [restartedMain] o.a.c.h.Http11NioProtocol [DirectJDKLog.java:173] Initializing ProtocolHandler ["http-nio-8080"]
2020-07-01 16:48:47,634 INFO [restartedMain] o.a.c.c.StandardService [DirectJDKLog.java:173] Starting service [Tomcat]
2020-07-01 16:48:47,636 INFO [restartedMain] o.a.c.c.StandardEngine [DirectJDKLog.java:173] Starting Servlet engine: [Apache Tomcat/9.0.36]
2020-07-01 16:48:47,665 INFO [restartedMain] o.a.c.c.AprLifecycleListener [DirectJDKLog.java:173] Loaded Apache Tomcat Native library [1.2.23] using APR version [1.7.0].
2020-07-01 16:48:47,666 INFO [restartedMain] o.a.c.c.AprLifecycleListener [DirectJDKLog.java:173] APR capabilities: IPv6 [true], sendfile [true], accept filters [false], random [true].
2020-07-01 16:48:47,666 INFO [restartedMain] o.a.c.c.AprLifecycleListener [DirectJDKLog.java:173] APR/OpenSSL configuration: useAprConnector [false], useOpenSSL [true]
2020-07-01 16:48:47,699 INFO [restartedMain] o.a.c.c.AprLifecycleListener [DirectJDKLog.java:173] OpenSSL successfully initialized [OpenSSL 1.1.1c  28 May 2019]
2020-07-01 16:48:48,036 INFO [restartedMain] o.a.c.c.C.[.[.[/community] [DirectJDKLog.java:173] Initializing Spring embedded WebApplicationContext
2020-07-01 16:48:48,037 INFO [restartedMain] o.s.w.c.ContextLoader [ServletWebServerApplicationContext.java:284] Root WebApplicationContext: initialization completed in 3045 ms
2020-07-01 16:48:49,436 INFO [restartedMain] o.s.s.c.ThreadPoolTaskExecutor [ExecutorConfigurationSupport.java:171] Initializing ExecutorService 'applicationTaskExecutor'
2020-07-01 16:48:49,682 INFO [restartedMain] o.s.b.a.w.s.WelcomePageHandlerMapping [WelcomePageHandlerMapping.java:58] Adding welcome page template: index
2020-07-01 16:48:50,434 INFO [restartedMain] o.s.b.d.a.OptionalLiveReloadServer [OptionalLiveReloadServer.java:57] LiveReload server is running on port 35729
2020-07-01 16:48:50,493 INFO [restartedMain] o.a.c.h.Http11NioProtocol [DirectJDKLog.java:173] Starting ProtocolHandler ["http-nio-8080"]
2020-07-01 16:48:50,532 INFO [restartedMain] o.s.b.w.e.t.TomcatWebServer [TomcatWebServer.java:202] Tomcat started on port(s): 8080 (http) with context path '/community'
2020-07-01 16:48:50,540 INFO [restartedMain] c.n.c.c.CommunityApplication [StartupInfoLogger.java:59] Started CommunityApplication in 6.394 seconds (JVM running for 8.37)
2020-07-01 16:48:59,300 INFO [http-nio-8080-exec-1] o.a.c.c.C.[.[.[/community] [DirectJDKLog.java:173] Initializing Spring DispatcherServlet 'dispatcherServlet'
2020-07-01 16:48:59,301 INFO [http-nio-8080-exec-1] o.s.w.s.DispatcherServlet [FrameworkServlet.java:525] Initializing Servlet 'dispatcherServlet'
2020-07-01 16:48:59,311 INFO [http-nio-8080-exec-1] o.s.w.s.DispatcherServlet [FrameworkServlet.java:547] Completed initialization in 9 ms
2020-07-01 16:48:59,369 INFO [http-nio-8080-exec-1] c.z.h.HikariDataSource [HikariDataSource.java:110] HikariPool-1 - Starting...
2020-07-01 16:48:59,557 INFO [http-nio-8080-exec-1] c.z.h.HikariDataSource [HikariDataSource.java:123] HikariPool-1 - Start completed.
2020-07-01 16:51:14,861 INFO [restartedMain] c.n.c.c.CommunityApplication [StartupInfoLogger.java:50] Starting CommunityApplication on DESKTOP-U6N1D0F with PID 17764 (D:\3JAVAproject\community\target\classes started by ZGL in D:\3JAVAproject\community)
2020-07-01 16:51:14,863 INFO [restartedMain] c.n.c.c.CommunityApplication [SpringApplication.java:648] No active profile set, falling back to default profiles: default
2020-07-01 16:51:14,919 INFO [restartedMain] o.s.b.d.e.DevToolsPropertyDefaultsPostProcessor [DeferredLog.java:225] Devtools property defaults active! Set 'spring.devtools.add-properties' to 'false' to disable
2020-07-01 16:51:14,920 INFO [restartedMain] o.s.b.d.e.DevToolsPropertyDefaultsPostProcessor [DeferredLog.java:225] For additional web related logging consider setting the 'logging.level.web' property to 'DEBUG'
2020-07-01 16:51:16,038 INFO [restartedMain] o.s.b.w.e.t.TomcatWebServer [TomcatWebServer.java:90] Tomcat initialized with port(s): 8080 (http)
2020-07-01 16:51:16,048 INFO [restartedMain] o.a.c.h.Http11NioProtocol [DirectJDKLog.java:173] Initializing ProtocolHandler ["http-nio-8080"]
2020-07-01 16:51:16,057 INFO [restartedMain] o.a.c.c.StandardService [DirectJDKLog.java:173] Starting service [Tomcat]
2020-07-01 16:51:16,057 INFO [restartedMain] o.a.c.c.StandardEngine [DirectJDKLog.java:173] Starting Servlet engine: [Apache Tomcat/9.0.36]
2020-07-01 16:51:16,063 INFO [restartedMain] o.a.c.c.AprLifecycleListener [DirectJDKLog.java:173] Loaded Apache Tomcat Native library [1.2.23] using APR version [1.7.0].
2020-07-01 16:51:16,063 INFO [restartedMain] o.a.c.c.AprLifecycleListener [DirectJDKLog.java:173] APR capabilities: IPv6 [true], sendfile [true], accept filters [false], random [true].
2020-07-01 16:51:16,063 INFO [restartedMain] o.a.c.c.AprLifecycleListener [DirectJDKLog.java:173] APR/OpenSSL configuration: useAprConnector [false], useOpenSSL [true]
2020-07-01 16:51:16,067 INFO [restartedMain] o.a.c.c.AprLifecycleListener [DirectJDKLog.java:173] OpenSSL successfully initialized [OpenSSL 1.1.1c  28 May 2019]
2020-07-01 16:51:16,131 INFO [restartedMain] o.a.c.c.C.[.[.[/community] [DirectJDKLog.java:173] Initializing Spring embedded WebApplicationContext
2020-07-01 16:51:16,131 INFO [restartedMain] o.s.w.c.ContextLoader [ServletWebServerApplicationContext.java:284] Root WebApplicationContext: initialization completed in 1211 ms
2020-07-01 16:51:16,464 INFO [restartedMain] o.s.s.c.ThreadPoolTaskExecutor [ExecutorConfigurationSupport.java:171] Initializing ExecutorService 'applicationTaskExecutor'
2020-07-01 16:51:16,517 INFO [restartedMain] o.s.b.a.w.s.WelcomePageHandlerMapping [WelcomePageHandlerMapping.java:58] Adding welcome page template: index
2020-07-01 16:51:16,688 INFO [restartedMain] o.s.b.d.a.OptionalLiveReloadServer [OptionalLiveReloadServer.java:57] LiveReload server is running on port 35729
2020-07-01 16:51:16,721 INFO [restartedMain] o.a.c.h.Http11NioProtocol [DirectJDKLog.java:173] Starting ProtocolHandler ["http-nio-8080"]
2020-07-01 16:51:16,745 INFO [restartedMain] o.s.b.w.e.t.TomcatWebServer [TomcatWebServer.java:202] Tomcat started on port(s): 8080 (http) with context path '/community'
2020-07-01 16:51:16,746 INFO [restartedMain] c.n.c.c.CommunityApplication [StartupInfoLogger.java:59] Started CommunityApplication in 2.238 seconds (JVM running for 3.123)
2020-07-01 16:52:44,939 INFO [http-nio-8080-exec-1] o.a.c.c.C.[.[.[/community] [DirectJDKLog.java:173] Initializing Spring DispatcherServlet 'dispatcherServlet'
2020-07-01 16:52:44,942 INFO [http-nio-8080-exec-1] o.s.w.s.DispatcherServlet [FrameworkServlet.java:525] Initializing Servlet 'dispatcherServlet'
2020-07-01 16:52:44,955 INFO [http-nio-8080-exec-1] o.s.w.s.DispatcherServlet [FrameworkServlet.java:547] Completed initialization in 13 ms
2020-07-01 16:52:45,055 INFO [http-nio-8080-exec-1] c.z.h.HikariDataSource [HikariDataSource.java:110] HikariPool-1 - Starting...
2020-07-01 16:52:45,258 INFO [http-nio-8080-exec-1] c.z.h.HikariDataSource [HikariDataSource.java:123] HikariPool-1 - Start completed.
